android/app/build/intermediates/manifest_merge_blame_file/debug/manifest-merger-blame-debug-report.txt
1<?xml version="1.0" encoding="utf-8"?>
2<manifest xmlns:android="http://schemas.android.com/apk/res/android"
3    package="com.example.addaproject"
4    android:versionCode="1"
5    android:versionName="1.0.0" >
6
7    <uses-sdk
8        android:minSdkVersion="21"
9        android:targetSdkVersion="34" />
10    <!--
11         The INTERNET permission is required for development. Specifically,
12         the Flutter tool needs it to communicate with the running application
13         to allow setting breakpoints, to provide hot reload, etc.
14    -->
15    <uses-permission android:name="android.permission.INTERNET" />
15-->src\main\AndroidManifest.xml:44:5-66
15-->src\main\AndroidManifest.xml:44:22-64
16    <!--
17     Required to query activities that can process text, see:
18         https://developer.android.com/training/package-visibility?hl=en and
19         https://developer.android.com/reference/android/content/Intent#ACTION_PROCESS_TEXT.
20
21         In particular, this is used by the Flutter engine in io.flutter.plugin.text.ProcessTextPlugin.
22    -->
23    <queries>
23-->src\main\AndroidManifest.xml:38:5-43:15
24        <intent>
24-->src\main\AndroidManifest.xml:39:9-42:18
25            <action android:name="android.intent.action.PROCESS_TEXT" />
25-->src\main\AndroidManifest.xml:40:13-72
25-->src\main\AndroidManifest.xml:40:21-70
26
27            <data android:mimeType="text/plain" />
27-->src\main\AndroidManifest.xml:41:13-50
27-->src\main\AndroidManifest.xml:41:19-48
28        </intent>
29    </queries>
30
31    <uses-permission android:name="android.permission.ACCESS_NETWORK_STATE" />
31-->src\main\AndroidManifest.xml:45:5-78
31-->src\main\AndroidManifest.xml:45:22-76
32    <uses-permission android:name="com.google.android.providers.gsf.permission.READ_GSERVICES" />
32-->[com.google.android.recaptcha:recaptcha:18.4.0] AndroidManifest.xml:9:5-98
32-->[com.google.android.recaptcha:recaptcha:18.4.0] AndroidManifest.xml:9:22-95
33
34    <permission
34-->[androidx.core:core:1.13.1] AndroidManifest.xml:22:5-24:47
35        android:name="com.example.addaproject.DYNAMIC_RECEIVER_NOT_EXPORTED_PERMISSION"
35-->[androidx.core:core:1.13.1] AndroidManifest.xml:23:9-81
36        android:protectionLevel="signature" />
36-->[androidx.core:core:1.13.1] AndroidManifest.xml:24:9-44
37
38    <uses-permission android:name="com.example.addaproject.DYNAMIC_RECEIVER_NOT_EXPORTED_PERMISSION" />
38-->[androidx.core:core:1.13.1] AndroidManifest.xml:26:5-97
38-->[androidx.core:core:1.13.1] AndroidManifest.xml:26:22-94
39
40    <application
41        android:name="android.app.Application"
41-->src\main\AndroidManifest.xml:4:9-42
42        android:appComponentFactory="androidx.core.app.CoreComponentFactory"
42-->[androidx.core:core:1.13.1] AndroidManifest.xml:28:18-86
43        android:debuggable="true"
44        android:enableOnBackInvokedCallback="true"
44-->src\debug\AndroidManifest.xml:11:9-51
45        android:icon="@mipmap/ic_launcher"
45-->src\debug\AndroidManifest.xml:10:9-43
46        android:label="addaproject" >
46-->src\debug\AndroidManifest.xml:9:9-36
47
48        <!-- Your application components, such as activities, services, etc. -->
49        <activity
49-->src\main\AndroidManifest.xml:6:9-26:20
50            android:name="com.example.addaproject.MainActivity"
50-->src\main\AndroidManifest.xml:7:13-41
51            android:configChanges="orientation|keyboardHidden|keyboard|screenSize|smallestScreenSize|locale|layoutDirection|fontScale|screenLayout|density|uiMode"
51-->src\main\AndroidManifest.xml:11:13-163
52            android:exported="true"
52-->src\main\AndroidManifest.xml:8:13-36
53            android:hardwareAccelerated="true"
53-->src\main\AndroidManifest.xml:12:13-47
54            android:launchMode="singleTop"
54-->src\main\AndroidManifest.xml:9:13-43
55            android:theme="@style/LaunchTheme"
55-->src\main\AndroidManifest.xml:10:13-47
56            android:windowSoftInputMode="adjustResize" >
56-->src\main\AndroidManifest.xml:13:13-55
57
58            <!--
59                 Specifies an Android theme to apply to this Activity as soon as
60                 the Android process has started. This theme is visible to the user
61                 while the Flutter UI initializes. After that, this theme continues
62                 to determine the Window background behind the Flutter UI.
63            -->
64            <meta-data
64-->src\main\AndroidManifest.xml:18:13-21:17
65                android:name="io.flutter.embedding.android.NormalTheme"
65-->src\main\AndroidManifest.xml:19:15-70
66                android:resource="@style/NormalTheme" />
66-->src\main\AndroidManifest.xml:20:15-52
67
68            <intent-filter>
68-->src\main\AndroidManifest.xml:22:13-25:29
69                <action android:name="android.intent.action.MAIN" />
69-->src\main\AndroidManifest.xml:23:17-68
69-->src\main\AndroidManifest.xml:23:25-66
70
71                <category android:name="android.intent.category.LAUNCHER" />
71-->src\main\AndroidManifest.xml:24:17-76
71-->src\main\AndroidManifest.xml:24:27-74
72            </intent-filter>
73        </activity>
74        <!--
75 Don't delete the meta-data below.
76             This is used by the Flutter tool to generate GeneratedPluginRegistrant.java
77        -->
78        <meta-data
78-->src\main\AndroidManifest.xml:29:9-31:33
79            android:name="flutterEmbedding"
79-->src\main\AndroidManifest.xml:30:13-44
80            android:value="2" />
80-->src\main\AndroidManifest.xml:31:13-30
81
82        <service
82-->[:firebase_auth] AndroidManifest.xml:10:9-14:19
83            android:name="com.google.firebase.components.ComponentDiscoveryService"
83-->[:firebase_auth] AndroidManifest.xml:10:18-89
84            android:directBootAware="true"
84-->[com.google.firebase:firebase-common:20.4.3] AndroidManifest.xml:32:13-43
85            android:exported="false" >
85-->[com.google.firebase:firebase-auth:22.3.1] AndroidManifest.xml:68:13-37
86            <meta-data
86-->[:firebase_auth] AndroidManifest.xml:11:13-13:85
87                android:name="com.google.firebase.components:io.flutter.plugins.firebase.auth.FlutterFirebaseAuthRegistrar"
87-->[:firebase_auth] AndroidManifest.xml:12:17-124
88                android:value="com.google.firebase.components.ComponentRegistrar" />
88-->[:firebase_auth] AndroidManifest.xml:13:17-82
89            <meta-data
89-->[:firebase_database] AndroidManifest.xml:11:13-13:85
90                android:name="com.google.firebase.components:io.flutter.plugins.firebase.database.FlutterFirebaseAppRegistrar"
90-->[:firebase_database] AndroidManifest.xml:12:17-127
91                android:value="com.google.firebase.components.ComponentRegistrar" />
91-->[:firebase_database] AndroidManifest.xml:13:17-82
92            <meta-data
92-->[:firebase_core] AndroidManifest.xml:11:13-13:85
93                android:name="com.google.firebase.components:io.flutter.plugins.firebase.core.FlutterFirebaseCoreRegistrar"
93-->[:firebase_core] AndroidManifest.xml:12:17-124
94                android:value="com.google.firebase.components.ComponentRegistrar" />
94-->[:firebase_core] AndroidManifest.xml:13:17-82
95            <meta-data
95-->[com.google.firebase:firebase-auth:22.3.1] AndroidManifest.xml:69:13-71:85
96                android:name="com.google.firebase.components:com.google.firebase.auth.FirebaseAuthRegistrar"
96-->[com.google.firebase:firebase-auth:22.3.1] AndroidManifest.xml:70:17-109
97                android:value="com.google.firebase.components.ComponentRegistrar" />
97-->[com.google.firebase:firebase-auth:22.3.1] AndroidManifest.xml:71:17-82
98            <meta-data
98-->[com.google.firebase:firebase-database:20.3.1] AndroidManifest.xml:29:13-31:85
99                android:name="com.google.firebase.components:com.google.firebase.database.FirebaseDatabaseKtxRegistrar"
99-->[com.google.firebase:firebase-database:20.3.1] AndroidManifest.xml:30:17-120
100                android:value="com.google.firebase.components.ComponentRegistrar" />
100-->[com.google.firebase:firebase-database:20.3.1] AndroidManifest.xml:31:17-82
101            <meta-data
101-->[com.google.firebase:firebase-database:20.3.1] AndroidManifest.xml:32:13-34:85
102                android:name="com.google.firebase.components:com.google.firebase.database.DatabaseRegistrar"
102-->[com.google.firebase:firebase-database:20.3.1] AndroidManifest.xml:33:17-109
103                android:value="com.google.firebase.components.ComponentRegistrar" />
103-->[com.google.firebase:firebase-database:20.3.1] AndroidManifest.xml:34:17-82
104            <meta-data
104-->[com.google.firebase:firebase-common-ktx:20.4.3] AndroidManifest.xml:12:13-14:85
105                android:name="com.google.firebase.components:com.google.firebase.ktx.FirebaseCommonLegacyRegistrar"
105-->[com.google.firebase:firebase-common-ktx:20.4.3] AndroidManifest.xml:13:17-116
106                android:value="com.google.firebase.components.ComponentRegistrar" />
106-->[com.google.firebase:firebase-common-ktx:20.4.3] AndroidManifest.xml:14:17-82
107            <meta-data
107-->[com.google.firebase:firebase-common:20.4.3] AndroidManifest.xml:35:13-37:85
108                android:name="com.google.firebase.components:com.google.firebase.FirebaseCommonKtxRegistrar"
108-->[com.google.firebase:firebase-common:20.4.3] AndroidManifest.xml:36:17-109
109                android:value="com.google.firebase.components.ComponentRegistrar" />
109-->[com.google.firebase:firebase-common:20.4.3] AndroidManifest.xml:37:17-82
110        </service>
111
112        <activity
112-->[com.google.firebase:firebase-auth:22.3.1] AndroidManifest.xml:29:9-46:20
113            android:name="com.google.firebase.auth.internal.GenericIdpActivity"
113-->[com.google.firebase:firebase-auth:22.3.1] AndroidManifest.xml:30:13-80
114            android:excludeFromRecents="true"
114-->[com.google.firebase:firebase-auth:22.3.1] AndroidManifest.xml:31:13-46
115            android:exported="true"
115-->[com.google.firebase:firebase-auth:22.3.1] AndroidManifest.xml:32:13-36
116            android:launchMode="singleTask"
116-->[com.google.firebase:firebase-auth:22.3.1] AndroidManifest.xml:33:13-44
117            android:theme="@android:style/Theme.Translucent.NoTitleBar" >
117-->[com.google.firebase:firebase-auth:22.3.1] AndroidManifest.xml:34:13-72
118            <intent-filter>
118-->[com.google.firebase:firebase-auth:22.3.1] AndroidManifest.xml:35:13-45:29
119                <action android:name="android.intent.action.VIEW" />
119-->[com.google.firebase:firebase-auth:22.3.1] AndroidManifest.xml:36:17-69
119-->[com.google.firebase:firebase-auth:22.3.1] AndroidManifest.xml:36:25-66
120
121                <category android:name="android.intent.category.DEFAULT" />
121-->[com.google.firebase:firebase-auth:22.3.1] AndroidManifest.xml:38:17-76
121-->[com.google.firebase:firebase-auth:22.3.1] AndroidManifest.xml:38:27-73
122                <category android:name="android.intent.category.BROWSABLE" />
122-->[com.google.firebase:firebase-auth:22.3.1] AndroidManifest.xml:39:17-78
122-->[com.google.firebase:firebase-auth:22.3.1] AndroidManifest.xml:39:27-75
123
124                <data
124-->src\main\AndroidManifest.xml:41:13-50
125                    android:host="firebase.auth"
126                    android:path="/"
127                    android:scheme="genericidp" />
128            </intent-filter>
129        </activity>
130        <activity
130-->[com.google.firebase:firebase-auth:22.3.1] AndroidManifest.xml:47:9-64:20
131            android:name="com.google.firebase.auth.internal.RecaptchaActivity"
131-->[com.google.firebase:firebase-auth:22.3.1] AndroidManifest.xml:48:13-79
132            android:excludeFromRecents="true"
132-->[com.google.firebase:firebase-auth:22.3.1] AndroidManifest.xml:49:13-46
133            android:exported="true"
133-->[com.google.firebase:firebase-auth:22.3.1] AndroidManifest.xml:50:13-36
134            android:launchMode="singleTask"
134-->[com.google.firebase:firebase-auth:22.3.1] AndroidManifest.xml:51:13-44
135            android:theme="@android:style/Theme.Translucent.NoTitleBar" >
135-->[com.google.firebase:firebase-auth:22.3.1] AndroidManifest.xml:52:13-72
136            <intent-filter>
136-->[com.google.firebase:firebase-auth:22.3.1] AndroidManifest.xml:53:13-63:29
137                <action android:name="android.intent.action.VIEW" />
137-->[com.google.firebase:firebase-auth:22.3.1] AndroidManifest.xml:36:17-69
137-->[com.google.firebase:firebase-auth:22.3.1] AndroidManifest.xml:36:25-66
138
139                <category android:name="android.intent.category.DEFAULT" />
139-->[com.google.firebase:firebase-auth:22.3.1] AndroidManifest.xml:38:17-76
139-->[com.google.firebase:firebase-auth:22.3.1] AndroidManifest.xml:38:27-73
140                <category android:name="android.intent.category.BROWSABLE" />
140-->[com.google.firebase:firebase-auth:22.3.1] AndroidManifest.xml:39:17-78
140-->[com.google.firebase:firebase-auth:22.3.1] AndroidManifest.xml:39:27-75
141
142                <data
142-->src\main\AndroidManifest.xml:41:13-50
143                    android:host="firebase.auth"
144                    android:path="/"
145                    android:scheme="recaptcha" />
146            </intent-filter>
147        </activity>
148        <activity
148-->[com.google.android.gms:play-services-base:18.1.0] AndroidManifest.xml:20:9-22:45
149            android:name="com.google.android.gms.common.api.GoogleApiActivity"
149-->[com.google.android.gms:play-services-base:18.1.0] AndroidManifest.xml:20:19-85
150            android:exported="false"
150-->[com.google.android.gms:play-services-base:18.1.0] AndroidManifest.xml:22:19-43
151            android:theme="@android:style/Theme.Translucent.NoTitleBar" />
151-->[com.google.android.gms:play-services-base:18.1.0] AndroidManifest.xml:21:19-78
152
153        <provider
153-->[com.google.firebase:firebase-common:20.4.3] AndroidManifest.xml:23:9-28:39
154            android:name="com.google.firebase.provider.FirebaseInitProvider"
154-->[com.google.firebase:firebase-common:20.4.3] AndroidManifest.xml:24:13-77
155            android:authorities="com.example.addaproject.firebaseinitprovider"
155-->[com.google.firebase:firebase-common:20.4.3] AndroidManifest.xml:25:13-72
156            android:directBootAware="true"
156-->[com.google.firebase:firebase-common:20.4.3] AndroidManifest.xml:26:13-43
157            android:exported="false"
157-->[com.google.firebase:firebase-common:20.4.3] AndroidManifest.xml:27:13-37
158            android:initOrder="100" />
158-->[com.google.firebase:firebase-common:20.4.3] AndroidManifest.xml:28:13-36
159
160        <uses-library
160-->[androidx.window:window:1.2.0] AndroidManifest.xml:23:9-25:40
161            android:name="androidx.window.extensions"
161-->[androidx.window:window:1.2.0] AndroidManifest.xml:24:13-54
162            android:required="false" />
162-->[androidx.window:window:1.2.0] AndroidManifest.xml:25:13-37
163        <uses-library
163-->[androidx.window:window:1.2.0] AndroidManifest.xml:26:9-28:40
164            android:name="androidx.window.sidecar"
164-->[androidx.window:window:1.2.0] AndroidManifest.xml:27:13-51
165            android:required="false" />
165-->[androidx.window:window:1.2.0] AndroidManifest.xml:28:13-37
166
167        <provider
167-->[androidx.lifecycle:lifecycle-process:2.7.0] AndroidManifest.xml:24:9-32:20
168            android:name="androidx.startup.InitializationProvider"
168-->[androidx.lifecycle:lifecycle-process:2.7.0] AndroidManifest.xml:25:13-67
169            android:authorities="com.example.addaproject.androidx-startup"
169-->[androidx.lifecycle:lifecycle-process:2.7.0] AndroidManifest.xml:26:13-68
170            android:exported="false" >
170-->[androidx.lifecycle:lifecycle-process:2.7.0] AndroidManifest.xml:27:13-37
171            <meta-data
171-->[androidx.lifecycle:lifecycle-process:2.7.0] AndroidManifest.xml:29:13-31:52
172                android:name="androidx.lifecycle.ProcessLifecycleInitializer"
172-->[androidx.lifecycle:lifecycle-process:2.7.0] AndroidManifest.xml:30:17-78
173                android:value="androidx.startup" />
173-->[androidx.lifecycle:lifecycle-process:2.7.0] AndroidManifest.xml:31:17-49
174            <meta-data
174-->[androidx.profileinstaller:profileinstaller:1.3.1] AndroidManifest.xml:29:13-31:52
175                android:name="androidx.profileinstaller.ProfileInstallerInitializer"
175-->[androidx.profileinstaller:profileinstaller:1.3.1] AndroidManifest.xml:30:17-85
176                android:value="androidx.startup" />
176-->[androidx.profileinstaller:profileinstaller:1.3.1] AndroidManifest.xml:31:17-49
177        </provider>
178
179        <meta-data
179-->[com.google.android.gms:play-services-basement:18.3.0] AndroidManifest.xml:21:9-23:69
180            android:name="com.google.android.gms.version"
180-->[com.google.android.gms:play-services-basement:18.3.0] AndroidManifest.xml:22:13-58
181            android:value="@integer/google_play_services_version" />
181-->[com.google.android.gms:play-services-basement:18.3.0] AndroidManifest.xml:23:13-66
182
183        <receiver
183-->[androidx.profileinstaller:profileinstaller:1.3.1] AndroidManifest.xml:34:9-52:20
184            android:name="androidx.profileinstaller.ProfileInstallReceiver"
184-->[androidx.profileinstaller:profileinstaller:1.3.1] AndroidManifest.xml:35:13-76
185            android:directBootAware="false"
185-->[androidx.profileinstaller:profileinstaller:1.3.1] AndroidManifest.xml:36:13-44
186            android:enabled="true"
186-->[androidx.profileinstaller:profileinstaller:1.3.1] AndroidManifest.xml:37:13-35
187            android:exported="true"
187-->[androidx.profileinstaller:profileinstaller:1.3.1] AndroidManifest.xml:38:13-36
188            android:permission="android.permission.DUMP" >
188-->[androidx.profileinstaller:profileinstaller:1.3.1] AndroidManifest.xml:39:13-57
189            <intent-filter>
189-->[androidx.profileinstaller:profileinstaller:1.3.1] AndroidManifest.xml:40:13-42:29
190                <action android:name="androidx.profileinstaller.action.INSTALL_PROFILE" />
190-->[androidx.profileinstaller:profileinstaller:1.3.1] AndroidManifest.xml:41:17-91
190-->[androidx.profileinstaller:profileinstaller:1.3.1] AndroidManifest.xml:41:25-88
191            </intent-filter>
192            <intent-filter>
192-->[androidx.profileinstaller:profileinstaller:1.3.1] AndroidManifest.xml:43:13-45:29
193                <action android:name="androidx.profileinstaller.action.SKIP_FILE" />
193-->[androidx.profileinstaller:profileinstaller:1.3.1] AndroidManifest.xml:44:17-85
193-->[androidx.profileinstaller:profileinstaller:1.3.1] AndroidManifest.xml:44:25-82
194            </intent-filter>
195            <intent-filter>
195-->[androidx.profileinstaller:profileinstaller:1.3.1] AndroidManifest.xml:46:13-48:29
196                <action android:name="androidx.profileinstaller.action.SAVE_PROFILE" />
196-->[androidx.profileinstaller:profileinstaller:1.3.1] AndroidManifest.xml:47:17-88
196-->[androidx.profileinstaller:profileinstaller:1.3.1] AndroidManifest.xml:47:25-85
197            </intent-filter>
198            <intent-filter>
198-->[androidx.profileinstaller:profileinstaller:1.3.1] AndroidManifest.xml:49:13-51:29
199                <action android:name="androidx.profileinstaller.action.BENCHMARK_OPERATION" />
199-->[androidx.profileinstaller:profileinstaller:1.3.1] AndroidManifest.xml:50:17-95
199-->[androidx.profileinstaller:profileinstaller:1.3.1] AndroidManifest.xml:50:25-92
200            </intent-filter>
201        </receiver>
202    </application>
203
204</manifest>